0 info it worked if it ends with ok
1 verbose cli [ '/usr/bin/nodejs', '/usr/bin/npm', 'install' ]
2 info using npm@3.10.10
3 info using node@v6.11.0
4 silly loadCurrentTree Starting
5 silly install loadCurrentTree
6 silly install readLocalPackageData
7 silly install normalizeTree
8 silly loadCurrentTree Finishing
9 silly loadIdealTree Starting
10 silly install loadIdealTree
11 silly cloneCurrentTree Starting
12 silly install cloneCurrentTreeToIdealTree
13 silly cloneCurrentTree Finishing
14 silly loadShrinkwrap Starting
15 silly install loadShrinkwrap
16 silly loadShrinkwrap Finishing
17 silly loadAllDepsIntoIdealTree Starting
18 silly install loadAllDepsIntoIdealTree
19 silly fetchNamedPackageData @types/log4js
20 silly mapToRegistry name @types/log4js
21 silly mapToRegistry scope (from package name) @types
22 verbose mapToRegistry no registry URL found in name for scope @types
23 silly mapToRegistry using default registry
24 silly mapToRegistry registry https://registry.npmjs.org/
25 silly mapToRegistry data Result {
25 silly mapToRegistry   raw: '@types/log4js',
25 silly mapToRegistry   scope: '@types',
25 silly mapToRegistry   escapedName: '@types%2flog4js',
25 silly mapToRegistry   name: '@types/log4js',
25 silly mapToRegistry   rawSpec: '',
25 silly mapToRegistry   spec: 'latest',
25 silly mapToRegistry   type: 'tag' }
26 silly mapToRegistry uri https://registry.npmjs.org/@types%2flog4js
27 verbose request uri https://registry.npmjs.org/@types%2flog4js
28 verbose request no auth needed
29 info attempt registry request try #1 at 13:41:51
30 verbose request id 99cee184c7e3fec8
31 http request GET https://registry.npmjs.org/@types%2flog4js
32 info retry will retry, error on last attempt: Error: getaddrinfo ENOTFOUND registry.npmjs.org registry.npmjs.org:443
33 info attempt registry request try #2 at 13:42:16
34 http request GET https://registry.npmjs.org/@types%2flog4js
35 info retry will retry, error on last attempt: Error: getaddrinfo ENOTFOUND registry.npmjs.org registry.npmjs.org:443
36 info attempt registry request try #3 at 13:43:26
37 http request GET https://registry.npmjs.org/@types%2flog4js
38 silly fetchPackageMetaData Error: getaddrinfo ENOTFOUND registry.npmjs.org registry.npmjs.org:443
38 silly fetchPackageMetaData     at errnoException (dns.js:28:10)
38 silly fetchPackageMetaData     at GetAddrInfoReqWrap.onlookup [as oncomplete] (dns.js:76:26)
38 silly fetchPackageMetaData  error for @types/log4js@0.0.32 { Error: getaddrinfo ENOTFOUND registry.npmjs.org registry.npmjs.org:443
38 silly fetchPackageMetaData     at errnoException (dns.js:28:10)
38 silly fetchPackageMetaData     at GetAddrInfoReqWrap.onlookup [as oncomplete] (dns.js:76:26)
38 silly fetchPackageMetaData   code: 'ENOTFOUND',
38 silly fetchPackageMetaData   errno: 'ENOTFOUND',
38 silly fetchPackageMetaData   syscall: 'getaddrinfo',
38 silly fetchPackageMetaData   hostname: 'registry.npmjs.org',
38 silly fetchPackageMetaData   host: 'registry.npmjs.org',
38 silly fetchPackageMetaData   port: 443 }
39 silly rollbackFailedOptional Starting
40 silly rollbackFailedOptional Finishing
41 silly runTopLevelLifecycles Finishing
42 silly install printInstalled
43 verbose stack Error: getaddrinfo ENOTFOUND registry.npmjs.org registry.npmjs.org:443
43 verbose stack     at errnoException (dns.js:28:10)
43 verbose stack     at GetAddrInfoReqWrap.onlookup [as oncomplete] (dns.js:76:26)
44 verbose cwd /home/muxb/project/itrade-ui
45 error Linux 4.4.0-79-generic
46 error argv "/usr/bin/nodejs" "/usr/bin/npm" "install"
47 error node v6.11.0
48 error npm  v3.10.10
49 error code ENOTFOUND
50 error errno ENOTFOUND
51 error syscall getaddrinfo
52 error network getaddrinfo ENOTFOUND registry.npmjs.org registry.npmjs.org:443
53 error network This is most likely not a problem with npm itself
53 error network and is related to network connectivity.
53 error network In most cases you are behind a proxy or have bad network settings.
53 error network
53 error network If you are behind a proxy, please make sure that the
53 error network 'proxy' config is set properly.  See: 'npm help config'
54 verbose exit [ 1, true ]
